# JRE version: OpenJDK Runtime Environment Temurin-17.0.5+8 (17.0.5+8) (build 17.0.5+8)
# Java VM: OpenJDK 64-Bit Server VM Temurin-17.0.5+8 (17.0.5+8, mixed mode, emulated-client, tiered, compressed oops, compressed class ptrs, g1 gc, windows-amd64)
GC Precious Log:
 CPUs: 16 total, 16 available
 Memory: 32691M
 Large Page Support: Disabled
 NUMA Support: Disabled
 Compressed Oops: Enabled (32-bit)
 Heap Region Size: 1M
 Heap Min Capacity: 8M
 Heap Initial Capacity: 512M
 Heap Max Capacity: 1G
 Pre-touch: Disabled
 Parallel Workers: 13
 Concurrent Workers: 3
 Concurrent Refinement Workers: 13
 Periodic GC: Disabled
Heap:
 garbage-first heap   total 382976K, used 135208K [0x00000000c0000000, 0x0000000100000000)
  region size 1024K, 1 young (1024K), 0 survivors (0K)
 Metaspace       used 72638K, committed 73344K, reserved 1114112K
  class space    used 9952K, committed 10240K, reserved 1048576K
GC Heap History (20 events):
Event: 9426.576 GC heap after
{Heap after GC invocations=933 (full 549):
 garbage-first heap   total 382976K, used 135122K [0x00000000c0000000, 0x0000000100000000)
  region size 1024K, 0 young (0K), 0 survivors (0K)
 Metaspace       used 72638K, committed 73344K, reserved 1114112K
  class space    used 9952K, committed 10240K, reserved 1048576K
}
Event: 9436.721 GC heap before
{Heap before GC invocations=933 (full 549):
 garbage-first heap   total 382976K, used 135122K [0x00000000c0000000, 0x0000000100000000)
  region size 1024K, 1 young (1024K), 0 survivors (0K)
 Metaspace       used 72638K, committed 73344K, reserved 1114112K
  class space    used 9952K, committed 10240K, reserved 1048576K
}
Event: 9436.784 GC heap after
{Heap after GC invocations=934 (full 550):
 garbage-first heap   total 382976K, used 135122K [0x00000000c0000000, 0x0000000100000000)
  region size 1024K, 0 young (0K), 0 survivors (0K)
 Metaspace       used 72638K, committed 73344K, reserved 1114112K
  class space    used 9952K, committed 10240K, reserved 1048576K
}
Event: 9446.913 GC heap before
{Heap before GC invocations=934 (full 550):
 garbage-first heap   total 382976K, used 135122K [0x00000000c0000000, 0x0000000100000000)
  region size 1024K, 1 young (1024K), 0 survivors (0K)
 Metaspace       used 72638K, committed 73344K, reserved 1114112K
  class space    used 9952K, committed 10240K, reserved 1048576K
}
Event: 9446.977 GC heap after
{Heap after GC invocations=935 (full 551):
 garbage-first heap   total 382976K, used 135122K [0x00000000c0000000, 0x0000000100000000)
  region size 1024K, 0 young (0K), 0 survivors (0K)
 Metaspace       used 72638K, committed 73344K, reserved 1114112K
  class space    used 9952K, committed 10240K, reserved 1048576K
}
Event: 9457.104 GC heap before
{Heap before GC invocations=935 (full 551):
 garbage-first heap   total 382976K, used 135122K [0x00000000c0000000, 0x0000000100000000)
  region size 1024K, 1 young (1024K), 0 survivors (0K)
 Metaspace       used 72638K, committed 73344K, reserved 1114112K
  class space    used 9952K, committed 10240K, reserved 1048576K
}
Event: 9457.168 GC heap after
{Heap after GC invocations=936 (full 552):
 garbage-first heap   total 382976K, used 135122K [0x00000000c0000000, 0x0000000100000000)
  region size 1024K, 0 young (0K), 0 survivors (0K)
 Metaspace       used 72638K, committed 73344K, reserved 1114112K
  class space    used 9952K, committed 10240K, reserved 1048576K
}
Event: 9467.296 GC heap before
{Heap before GC invocations=936 (full 552):
 garbage-first heap   total 382976K, used 135122K [0x00000000c0000000, 0x0000000100000000)
  region size 1024K, 1 young (1024K), 0 survivors (0K)
 Metaspace       used 72638K, committed 73344K, reserved 1114112K
  class space    used 9952K, committed 10240K, reserved 1048576K
}
Event: 9467.358 GC heap after
{Heap after GC invocations=937 (full 553):
 garbage-first heap   total 382976K, used 135122K [0x00000000c0000000, 0x0000000100000000)
  region size 1024K, 0 young (0K), 0 survivors (0K)
 Metaspace       used 72638K, committed 73344K, reserved 1114112K
  class space    used 9952K, committed 10240K, reserved 1048576K
}
Event: 9477.485 GC heap before
{Heap before GC invocations=937 (full 553):
 garbage-first heap   total 382976K, used 135122K [0x00000000c0000000, 0x0000000100000000)
  region size 1024K, 1 young (1024K), 0 survivors (0K)
 Metaspace       used 72638K, committed 73344K, reserved 1114112K
  class space    used 9952K, committed 10240K, reserved 1048576K
}
Event: 9477.548 GC heap after
{Heap after GC invocations=938 (full 554):
 garbage-first heap   total 382976K, used 135122K [0x00000000c0000000, 0x0000000100000000)
  region size 1024K, 0 young (0K), 0 survivors (0K)
 Metaspace       used 72638K, committed 73344K, reserved 1114112K
  class space    used 9952K, committed 10240K, reserved 1048576K
}
Event: 9487.679 GC heap before
{Heap before GC invocations=938 (full 554):
 garbage-first heap   total 382976K, used 135122K [0x00000000c0000000, 0x0000000100000000)
  region size 1024K, 1 young (1024K), 0 survivors (0K)
 Metaspace       used 72638K, committed 73344K, reserved 1114112K
  class space    used 9952K, committed 10240K, reserved 1048576K
}
Event: 9487.749 GC heap after
{Heap after GC invocations=939 (full 555):
 garbage-first heap   total 382976K, used 135122K [0x00000000c0000000, 0x0000000100000000)
  region size 1024K, 0 young (0K), 0 survivors (0K)
 Metaspace       used 72638K, committed 73344K, reserved 1114112K
  class space    used 9952K, committed 10240K, reserved 1048576K
}
Event: 9497.888 GC heap before
{Heap before GC invocations=939 (full 555):
 garbage-first heap   total 382976K, used 135122K [0x00000000c0000000, 0x0000000100000000)
  region size 1024K, 1 young (1024K), 0 survivors (0K)
 Metaspace       used 72638K, committed 73344K, reserved 1114112K
  class space    used 9952K, committed 10240K, reserved 1048576K
}
Event: 9497.954 GC heap after
{Heap after GC invocations=940 (full 556):
 garbage-first heap   total 382976K, used 135122K [0x00000000c0000000, 0x0000000100000000)
  region size 1024K, 0 young (0K), 0 survivors (0K)
 Metaspace       used 72638K, committed 73344K, reserved 1114112K
  class space    used 9952K, committed 10240K, reserved 1048576K
}
Event: 9508.082 GC heap before
{Heap before GC invocations=940 (full 556):
 garbage-first heap   total 382976K, used 135122K [0x00000000c0000000, 0x0000000100000000)
  region size 1024K, 1 young (1024K), 0 survivors (0K)
 Metaspace       used 72638K, committed 73344K, reserved 1114112K
  class space    used 9952K, committed 10240K, reserved 1048576K
}
Event: 9508.144 GC heap after
{Heap after GC invocations=941 (full 557):
 garbage-first heap   total 382976K, used 135122K [0x00000000c0000000, 0x0000000100000000)
  region size 1024K, 0 young (0K), 0 survivors (0K)
 Metaspace       used 72638K, committed 73344K, reserved 1114112K
  class space    used 9952K, committed 10240K, reserved 1048576K
}
Event: 9518.271 GC heap before
{Heap before GC invocations=941 (full 557):
 garbage-first heap   total 382976K, used 135122K [0x00000000c0000000, 0x0000000100000000)
  region size 1024K, 1 young (1024K), 0 survivors (0K)
 Metaspace       used 72638K, committed 73344K, reserved 1114112K
  class space    used 9952K, committed 10240K, reserved 1048576K
}
Event: 9518.333 GC heap after
{Heap after GC invocations=942 (full 558):
 garbage-first heap   total 382976K, used 135122K [0x00000000c0000000, 0x0000000100000000)
  region size 1024K, 0 young (0K), 0 survivors (0K)
 Metaspace       used 72638K, committed 73344K, reserved 1114112K
  class space    used 9952K, committed 10240K, reserved 1048576K
}
Event: 9528.461 GC heap before
{Heap before GC invocations=942 (full 558):
 garbage-first heap   total 382976K, used 135122K [0x00000000c0000000, 0x0000000100000000)
  region size 1024K, 1 young (1024K), 0 survivors (0K)
 Metaspace       used 72638K, committed 73344K, reserved 1114112K
  class space    used 9952K, committed 10240K, reserved 1048576K
}

