# JRE version: Java(TM) SE Runtime Environment (17.0.5+9) (build 17.0.5+9-LTS-191)
# Java VM: Java HotSpot(TM) 64-Bit Server VM (17.0.5+9-LTS-191, mixed mode, sharing, tiered, compressed oops, compressed class ptrs, g1 gc, windows-amd64)
GC Precious Log:
 CPUs: 16 total, 16 available
 Memory: 32691M
 Large Page Support: Disabled
 NUMA Support: Disabled
 Compressed Oops: Enabled (Zero based)
 Heap Region Size: 4M
 Heap Min Capacity: 8M
 Heap Initial Capacity: 512M
 Heap Max Capacity: 8176M
 Pre-touch: Disabled
 Parallel Workers: 13
 Concurrent Workers: 3
 Concurrent Refinement Workers: 13
 Periodic GC: Disabled
Heap:
 garbage-first heap   total 69632K, used 19676K [0x0000000601000000, 0x0000000800000000)
  region size 4096K, 3 young (12288K), 2 survivors (8192K)
 Metaspace       used 32788K, committed 33152K, reserved 1081344K
  class space    used 4203K, committed 4416K, reserved 1048576K
GC Heap History (16 events):
Event: 0.613 GC heap before
{Heap before GC invocations=0 (full 0):
 garbage-first heap   total 524288K, used 20480K [0x0000000601000000, 0x0000000800000000)
  region size 4096K, 6 young (24576K), 0 survivors (0K)
 Metaspace       used 5068K, committed 5184K, reserved 1056768K
  class space    used 570K, committed 640K, reserved 1048576K
}
Event: 0.619 GC heap after
{Heap after GC invocations=1 (full 0):
 garbage-first heap   total 524288K, used 6522K [0x0000000601000000, 0x0000000800000000)
  region size 4096K, 1 young (4096K), 1 survivors (4096K)
 Metaspace       used 5068K, committed 5184K, reserved 1056768K
  class space    used 570K, committed 640K, reserved 1048576K
}
Event: 1.027 GC heap before
{Heap before GC invocations=1 (full 0):
 garbage-first heap   total 524288K, used 27002K [0x0000000601000000, 0x0000000800000000)
  region size 4096K, 6 young (24576K), 1 survivors (4096K)
 Metaspace       used 11749K, committed 12032K, reserved 1064960K
  class space    used 1435K, committed 1536K, reserved 1048576K
}
Event: 1.032 GC heap after
{Heap after GC invocations=2 (full 0):
 garbage-first heap   total 524288K, used 9252K [0x0000000601000000, 0x0000000800000000)
  region size 4096K, 1 young (4096K), 1 survivors (4096K)
 Metaspace       used 11749K, committed 12032K, reserved 1064960K
  class space    used 1435K, committed 1536K, reserved 1048576K
}
Event: 1.823 GC heap before
{Heap before GC invocations=2 (full 0):
 garbage-first heap   total 524288K, used 46116K [0x0000000601000000, 0x0000000800000000)
  region size 4096K, 11 young (45056K), 1 survivors (4096K)
 Metaspace       used 20148K, committed 20416K, reserved 1073152K
  class space    used 2440K, committed 2560K, reserved 1048576K
}
Event: 1.827 GC heap after
{Heap after GC invocations=3 (full 0):
 garbage-first heap   total 524288K, used 11408K [0x0000000601000000, 0x0000000800000000)
  region size 4096K, 2 young (8192K), 2 survivors (8192K)
 Metaspace       used 20148K, committed 20416K, reserved 1073152K
  class space    used 2440K, committed 2560K, reserved 1048576K
}
Event: 2.118 GC heap before
{Heap before GC invocations=3 (full 0):
 garbage-first heap   total 524288K, used 27792K [0x0000000601000000, 0x0000000800000000)
  region size 4096K, 7 young (28672K), 2 survivors (8192K)
 Metaspace       used 21250K, committed 21504K, reserved 1073152K
  class space    used 2568K, committed 2688K, reserved 1048576K
}
Event: 2.121 GC heap after
{Heap after GC invocations=4 (full 0):
 garbage-first heap   total 524288K, used 12797K [0x0000000601000000, 0x0000000800000000)
  region size 4096K, 2 young (8192K), 2 survivors (8192K)
 Metaspace       used 21250K, committed 21504K, reserved 1073152K
  class space    used 2568K, committed 2688K, reserved 1048576K
}
Event: 2.780 GC heap before
{Heap before GC invocations=5 (full 0):
 garbage-first heap   total 69632K, used 45565K [0x0000000601000000, 0x0000000800000000)
  region size 4096K, 10 young (40960K), 2 survivors (8192K)
 Metaspace       used 23809K, committed 24128K, reserved 1073152K
  class space    used 2938K, committed 3072K, reserved 1048576K
}
Event: 2.786 GC heap after
{Heap after GC invocations=6 (full 0):
 garbage-first heap   total 69632K, used 14049K [0x0000000601000000, 0x0000000800000000)
  region size 4096K, 2 young (8192K), 2 survivors (8192K)
 Metaspace       used 23809K, committed 24128K, reserved 1073152K
  class space    used 2938K, committed 3072K, reserved 1048576K
}
Event: 2.922 GC heap before
{Heap before GC invocations=6 (full 0):
 garbage-first heap   total 69632K, used 18145K [0x0000000601000000, 0x0000000800000000)
  region size 4096K, 3 young (12288K), 2 survivors (8192K)
 Metaspace       used 24449K, committed 24768K, reserved 1073152K
  class space    used 3033K, committed 3136K, reserved 1048576K
}
Event: 2.926 GC heap after
{Heap after GC invocations=7 (full 0):
 garbage-first heap   total 69632K, used 14671K [0x0000000601000000, 0x0000000800000000)
  region size 4096K, 1 young (4096K), 1 survivors (4096K)
 Metaspace       used 24449K, committed 24768K, reserved 1073152K
  class space    used 3033K, committed 3136K, reserved 1048576K
}
Event: 3.855 GC heap before
{Heap before GC invocations=7 (full 0):
 garbage-first heap   total 69632K, used 47439K [0x0000000601000000, 0x0000000800000000)
  region size 4096K, 9 young (36864K), 1 survivors (4096K)
 Metaspace       used 29707K, committed 30080K, reserved 1081344K
  class space    used 3796K, committed 3968K, reserved 1048576K
}
Event: 3.859 GC heap after
{Heap after GC invocations=8 (full 0):
 garbage-first heap   total 69632K, used 17504K [0x0000000601000000, 0x0000000800000000)
  region size 4096K, 2 young (8192K), 2 survivors (8192K)
 Metaspace       used 29707K, committed 30080K, reserved 1081344K
  class space    used 3796K, committed 3968K, reserved 1048576K
}
Event: 4.634 GC heap before
{Heap before GC invocations=8 (full 0):
 garbage-first heap   total 69632K, used 46176K [0x0000000601000000, 0x0000000800000000)
  region size 4096K, 9 young (36864K), 2 survivors (8192K)
 Metaspace       used 32422K, committed 32832K, reserved 1081344K
  class space    used 4153K, committed 4352K, reserved 1048576K
}
Event: 4.640 GC heap after
{Heap after GC invocations=9 (full 0):
 garbage-first heap   total 69632K, used 19676K [0x0000000601000000, 0x0000000800000000)
  region size 4096K, 2 young (8192K), 2 survivors (8192K)
 Metaspace       used 32422K, committed 32832K, reserved 1081344K
  class space    used 4153K, committed 4352K, reserved 1048576K
}

